<?xml version="1.0" encoding="UTF-8"?>
<testng-results ignored="0" total="1" passed="1" failed="0" skipped="0">
  <reporter-output>
  </reporter-output>
  <suite started-at="2023-07-26T13:33:28 CDT" name="Default suite" finished-at="2023-07-26T13:33:39 CDT" duration-ms="10574">
    <groups>
    </groups>
    <test started-at="2023-07-26T13:33:28 CDT" name="Default test" finished-at="2023-07-26T13:33:39 CDT" duration-ms="10574">
      <class name="concepts.LoginTest">
        <test-method is-config="true" signature="readConfig()[pri:0, instance:concepts.LoginTest@7d0b7e3c]" started-at="2023-07-26T13:33:28 CDT" name="readConfig" finished-at="2023-07-26T13:33:28 CDT" duration-ms="55" status="PASS">
          <reporter-output>
          </reporter-output>
        </test-method> <!-- readConfig -->
        <test-method is-config="true" signature="init()[pri:0, instance:concepts.LoginTest@7d0b7e3c]" started-at="2023-07-26T13:33:28 CDT" name="init" finished-at="2023-07-26T13:33:33 CDT" duration-ms="4404" status="PASS">
          <reporter-output>
          </reporter-output>
        </test-method> <!-- init -->
        <test-method signature="addCustomer()[pri:2, instance:concepts.LoginTest@7d0b7e3c]" started-at="2023-07-26T13:33:33 CDT" name="addCustomer" finished-at="2023-07-26T13:33:39 CDT" duration-ms="6010" status="PASS">
          <reporter-output>
          </reporter-output>
        </test-method> <!-- addCustomer -->
      </class> <!-- concepts.LoginTest -->
    </test> <!-- Default test -->
  </suite> <!-- Default suite -->
</testng-results>
